<?xml version="1.0" encoding="UTF-8"?>
<!-- Generated by org.testng.reporters.JUnitReportReporter -->
<testsuite skipped="0" hostname="DESKTOP-R57DS8U" name="PlaneTest" tests="1" failures="0" timestamp="2020-12-01T13:59:44 MSK" time="0.000" errors="0">
  <testcase name="testGetModel" time="0.000" classname="PlaneTest"/>
</testsuite> <!-- PlaneTest -->
