<?xml version="1.0" encoding="UTF-8"?>
<!-- Generated by org.testng.reporters.JUnitReportReporter -->
<testsuite skipped="0" hostname="DESKTOP-R57DS8U" name="AirportTest" tests="5" failures="0" timestamp="2020-12-01T13:59:44 MSK" time="0.006" errors="0">
  <testcase name="testGetPassengerPlaneWithMaxCapacity" time="0.001" classname="AirportTest"/>
  <testcase name="testExperimentalPlanesHasClassificationLevelHigherThanUnclassified" time="0.003" classname="AirportTest"/>
  <testcase name="testSortByMaxLoadCapacity" time="0.001" classname="AirportTest"/>
  <testcase name="testHasAtLeastOneBomberInMilitaryPlanes" time="0.001" classname="AirportTest"/>
  <testcase name="testHasAtLeastOneTransportInMilitaryPlanes" time="0.000" classname="AirportTest"/>
</testsuite> <!-- AirportTest -->
